<?xml version="1.0" encoding="UTF-8"?>
<!-- Generated by org.testng.reporters.JUnitReportReporter -->
<testsuite skipped="27" hostname="LAPTOP-P3US9P8F" name="com.dyt.ors.regression.RegressionTestCases" tests="31" failures="0" timestamp="2020-07-28T13:23:40 IST" time="382.879" errors="2">
  <testcase name="TC005_AddMainCategory_WithoutMandatoryfields" time="27.512" classname="com.dyt.ors.regression.RegressionTestCases">
    <skipped/>
  </testcase> <!-- TC005_AddMainCategory_WithoutMandatoryfields -->
  <system-out/>
  <testcase name="TC004_AddMainCategory_Duplicaterecord" time="28.458" classname="com.dyt.ors.regression.RegressionTestCases">
    <skipped/>
  </testcase> <!-- TC004_AddMainCategory_Duplicaterecord -->
  <system-out/>
  <testcase name="TC013_AddProducts" time="81.570" classname="com.dyt.ors.regression.RegressionTestCases">
    <skipped/>
  </testcase> <!-- TC013_AddProducts -->
  <system-out/>
  <testcase name="TC014_addProductswithoutMaindatoryFields" time="0.000" classname="com.dyt.ors.regression.RegressionTestCases">
    <skipped/>
  </testcase> <!-- TC014_addProductswithoutMaindatoryFields -->
  <system-out/>
  <testcase name="TC027_searchRelatedProducts" time="0.000" classname="com.dyt.ors.regression.RegressionTestCases">
    <skipped/>
  </testcase> <!-- TC027_searchRelatedProducts -->
  <system-out/>
  <testcase name="TC028_searchRelatedCategories" time="0.000" classname="com.dyt.ors.regression.RegressionTestCases">
    <skipped/>
  </testcase> <!-- TC028_searchRelatedCategories -->
  <system-out/>
  <testcase name="closeBrowser" time="4.101" classname="com.dyt.ors.regression.RegressionTestCases">
    <error type="org.openqa.selenium.WebDriverException" message="chrome not reachable
  (Session info: chrome=84.0.4147.89)
Build info: version: &#039;3.141.59&#039;, revision: &#039;e82be7d358&#039;, time: &#039;2018-11-14T08:17:03&#039;
System info: host: &#039;LAPTOP-P3US9P8F&#039;, ip: &#039;192.168.0.9&#039;, os.name: &#039;Windows 10&#039;, os.arch: &#039;amd64&#039;, os.version: &#039;10.0&#039;, java.version: &#039;1.8.0_241&#039;
Driver info: org.openqa.selenium.chrome.ChromeDriver
Capabilities {acceptInsecureCerts: false, browserName: chrome, browserVersion: 84.0.4147.89, chrome: {chromedriverVersion: 83.0.4103.39 (ccbf011cb2d2b..., userDataDir: C:\Users\SINGAM~1\AppData\L...}, goog:chromeOptions: {debuggerAddress: localhost:55993}, javascriptEnabled: true, networkConnectionEnabled: false, pageLoadStrategy: normal, platform: WINDOWS, platformName: WINDOWS, proxy: Proxy(), setWindowRect: true, strictFileInteractability: false, timeouts: {implicit: 0, pageLoad: 300000, script: 30000}, unhandledPromptBehavior: dismiss and notify, webauthn:virtualAuthenticators: true}
Session ID: f5c825a474bc287c1bb52ab77a038cd0">
      <![CDATA[org.openqa.selenium.WebDriverException: chrome not reachable
  (Session info: chrome=84.0.4147.89)
Build info: version: '3.141.59', revision: 'e82be7d358', time: '2018-11-14T08:17:03'
System info: host: 'LAPTOP-P3US9P8F', ip: '192.168.0.9', os.name: 'Windows 10', os.arch: 'amd64', os.version: '10.0', java.version: '1.8.0_241'
Driver info: org.openqa.selenium.chrome.ChromeDriver
Capabilities {acceptInsecureCerts: false, browserName: chrome, browserVersion: 84.0.4147.89, chrome: {chromedriverVersion: 83.0.4103.39 (ccbf011cb2d2b..., userDataDir: C:\Users\SINGAM~1\AppData\L...}, goog:chromeOptions: {debuggerAddress: localhost:55993}, javascriptEnabled: true, networkConnectionEnabled: false, pageLoadStrategy: normal, platform: WINDOWS, platformName: WINDOWS, proxy: Proxy(), setWindowRect: true, strictFileInteractability: false, timeouts: {implicit: 0, pageLoad: 300000, script: 30000}, unhandledPromptBehavior: dismiss and notify, webauthn:virtualAuthenticators: true}
Session ID: f5c825a474bc287c1bb52ab77a038cd0
at sun.reflect.NativeConstructorAccessorImpl.newInstance0(Native Method)
at sun.reflect.NativeConstructorAccessorImpl.newInstance(Unknown Source)
at sun.reflect.DelegatingConstructorAccessorImpl.newInstance(Unknown Source)
at java.lang.reflect.Constructor.newInstance(Unknown Source)
at org.openqa.selenium.remote.http.W3CHttpResponseCodec.createException(W3CHttpResponseCodec.java:187)
at org.openqa.selenium.remote.http.W3CHttpResponseCodec.decode(W3CHttpResponseCodec.java:122)
at org.openqa.selenium.remote.http.W3CHttpResponseCodec.decode(W3CHttpResponseCodec.java:49)
at org.openqa.selenium.remote.HttpCommandExecutor.execute(HttpCommandExecutor.java:158)
at org.openqa.selenium.remote.service.DriverCommandExecutor.execute(DriverCommandExecutor.java:83)
at org.openqa.selenium.remote.RemoteWebDriver.execute(RemoteWebDriver.java:552)
at org.openqa.selenium.remote.RemoteWebDriver.execute(RemoteWebDriver.java:609)
at org.openqa.selenium.remote.RemoteWebDriver.close(RemoteWebDriver.java:442)
at com.dyt.generic.BaseClass.closeBrowser(BaseClass.java:74)
at sun.reflect.NativeMethodAccessorImpl.invoke0(Native Method)
at sun.reflect.NativeMethodAccessorImpl.invoke(Unknown Source)
at sun.reflect.DelegatingMethodAccessorImpl.invoke(Unknown Source)
at java.lang.reflect.Method.invoke(Unknown Source)
at org.testng.internal.MethodInvocationHelper.invokeMethod(MethodInvocationHelper.java:135)
at org.testng.internal.MethodInvocationHelper.invokeMethodConsideringTimeout(MethodInvocationHelper.java:64)
at org.testng.internal.ConfigInvoker.invokeConfigurationMethod(ConfigInvoker.java:364)
at org.testng.internal.ConfigInvoker.invokeConfigurations(ConfigInvoker.java:318)
at org.testng.internal.TestInvoker.runConfigMethods(TestInvoker.java:700)
at org.testng.internal.TestInvoker.runAfterGroupsConfigurations(TestInvoker.java:676)
at org.testng.internal.TestInvoker.invokeMethod(TestInvoker.java:660)
at org.testng.internal.TestInvoker.invokeTestMethod(TestInvoker.java:174)
at org.testng.internal.MethodRunner.runInSequence(MethodRunner.java:46)
at org.testng.internal.TestInvoker$MethodInvocationAgent.invoke(TestInvoker.java:821)
at org.testng.internal.TestInvoker.invokeTestMethods(TestInvoker.java:147)
at org.testng.internal.TestMethodWorker.invokeTestMethods(TestMethodWorker.java:146)
at org.testng.internal.TestMethodWorker.run(TestMethodWorker.java:128)
at java.util.ArrayList.forEach(Unknown Source)
at org.testng.TestRunner.privateRun(TestRunner.java:767)
at org.testng.TestRunner.run(TestRunner.java:588)
at org.testng.SuiteRunner.runTest(SuiteRunner.java:384)
at org.testng.SuiteRunner.runSequentially(SuiteRunner.java:378)
at org.testng.SuiteRunner.privateRun(SuiteRunner.java:337)
at org.testng.SuiteRunner.run(SuiteRunner.java:286)
at org.testng.SuiteRunnerWorker.runSuite(SuiteRunnerWorker.java:53)
at org.testng.SuiteRunnerWorker.run(SuiteRunnerWorker.java:96)
at org.testng.TestNG.runSuitesSequentially(TestNG.java:1214)
at org.testng.TestNG.runSuitesLocally(TestNG.java:1136)
at org.testng.TestNG.runSuites(TestNG.java:1066)
at org.testng.TestNG.run(TestNG.java:1034)
at org.testng.remote.AbstractRemoteTestNG.run(AbstractRemoteTestNG.java:115)
at org.testng.remote.RemoteTestNG.initAndRun(RemoteTestNG.java:251)
at org.testng.remote.RemoteTestNG.main(RemoteTestNG.java:77)
]]>
    </error>
  </testcase> <!-- closeBrowser -->
  <system-out/>
  <testcase name="TC022_searchWithInvalidData" time="0.000" classname="com.dyt.ors.regression.RegressionTestCases">
    <skipped/>
  </testcase> <!-- TC022_searchWithInvalidData -->
  <system-out/>
  <testcase name="TC021_searchWithoutInputTheData" time="0.000" classname="com.dyt.ors.regression.RegressionTestCases">
    <skipped/>
  </testcase> <!-- TC021_searchWithoutInputTheData -->
  <system-out/>
  <testcase name="TC001_adminLoginWithValidData" time="37.006" classname="com.dyt.ors.regression.RegressionTestCases"/>
  <system-out/>
  <testcase name="TC029_searchRelatedDocuments" time="0.000" classname="com.dyt.ors.regression.RegressionTestCases">
    <skipped/>
  </testcase> <!-- TC029_searchRelatedDocuments -->
  <system-out/>
  <testcase name="TC002_adminLoginWithInValidData" time="35.129" classname="com.dyt.ors.regression.RegressionTestCases"/>
  <system-out/>
  <testcase name="TC003_AddMainCategory" time="169.103" classname="com.dyt.ors.regression.RegressionTestCases">
    <error type="org.openqa.selenium.NoSuchWindowException" message="no such window: target window already closed
from unknown error: web view not found
  (Session info: chrome=84.0.4147.89)
Build info: version: &#039;3.141.59&#039;, revision: &#039;e82be7d358&#039;, time: &#039;2018-11-14T08:17:03&#039;
System info: host: &#039;LAPTOP-P3US9P8F&#039;, ip: &#039;192.168.0.9&#039;, os.name: &#039;Windows 10&#039;, os.arch: &#039;amd64&#039;, os.version: &#039;10.0&#039;, java.version: &#039;1.8.0_241&#039;
Driver info: org.openqa.selenium.chrome.ChromeDriver
Capabilities {acceptInsecureCerts: false, browserName: chrome, browserVersion: 84.0.4147.89, chrome: {chromedriverVersion: 83.0.4103.39 (ccbf011cb2d2b..., userDataDir: C:\Users\SINGAM~1\AppData\L...}, goog:chromeOptions: {debuggerAddress: localhost:55993}, javascriptEnabled: true, networkConnectionEnabled: false, pageLoadStrategy: normal, platform: WINDOWS, platformName: WINDOWS, proxy: Proxy(), setWindowRect: true, strictFileInteractability: false, timeouts: {implicit: 0, pageLoad: 300000, script: 30000}, unhandledPromptBehavior: dismiss and notify, webauthn:virtualAuthenticators: true}
Session ID: f5c825a474bc287c1bb52ab77a038cd0
*** Element info: {Using=xpath, value=//table[@id=&#039;dataTable&#039;]/tbody/tr[1]/td}">
      <![CDATA[org.openqa.selenium.NoSuchWindowException: no such window: target window already closed
from unknown error: web view not found
  (Session info: chrome=84.0.4147.89)
Build info: version: '3.141.59', revision: 'e82be7d358', time: '2018-11-14T08:17:03'
System info: host: 'LAPTOP-P3US9P8F', ip: '192.168.0.9', os.name: 'Windows 10', os.arch: 'amd64', os.version: '10.0', java.version: '1.8.0_241'
Driver info: org.openqa.selenium.chrome.ChromeDriver
Capabilities {acceptInsecureCerts: false, browserName: chrome, browserVersion: 84.0.4147.89, chrome: {chromedriverVersion: 83.0.4103.39 (ccbf011cb2d2b..., userDataDir: C:\Users\SINGAM~1\AppData\L...}, goog:chromeOptions: {debuggerAddress: localhost:55993}, javascriptEnabled: true, networkConnectionEnabled: false, pageLoadStrategy: normal, platform: WINDOWS, platformName: WINDOWS, proxy: Proxy(), setWindowRect: true, strictFileInteractability: false, timeouts: {implicit: 0, pageLoad: 300000, script: 30000}, unhandledPromptBehavior: dismiss and notify, webauthn:virtualAuthenticators: true}
Session ID: f5c825a474bc287c1bb52ab77a038cd0
*** Element info: {Using=xpath, value=//table[@id='dataTable']/tbody/tr[1]/td}
at sun.reflect.NativeConstructorAccessorImpl.newInstance0(Native Method)
at sun.reflect.NativeConstructorAccessorImpl.newInstance(Unknown Source)
at sun.reflect.DelegatingConstructorAccessorImpl.newInstance(Unknown Source)
at java.lang.reflect.Constructor.newInstance(Unknown Source)
at org.openqa.selenium.remote.http.W3CHttpResponseCodec.createException(W3CHttpResponseCodec.java:187)
at org.openqa.selenium.remote.http.W3CHttpResponseCodec.decode(W3CHttpResponseCodec.java:122)
at org.openqa.selenium.remote.http.W3CHttpResponseCodec.decode(W3CHttpResponseCodec.java:49)
at org.openqa.selenium.remote.HttpCommandExecutor.execute(HttpCommandExecutor.java:158)
at org.openqa.selenium.remote.service.DriverCommandExecutor.execute(DriverCommandExecutor.java:83)
at org.openqa.selenium.remote.RemoteWebDriver.execute(RemoteWebDriver.java:552)
at org.openqa.selenium.remote.RemoteWebDriver.findElements(RemoteWebDriver.java:353)
at org.openqa.selenium.remote.RemoteWebDriver.findElementsByXPath(RemoteWebDriver.java:432)
at org.openqa.selenium.By$ByXPath.findElements(By.java:348)
at org.openqa.selenium.remote.RemoteWebDriver.findElements(RemoteWebDriver.java:311)
at com.dyt.ors.screenpages.DisplayMainCategories.verify_UpdatedMainCategory(DisplayMainCategories.java:188)
at com.dyt.ors.regression.RegressionTestCases.TC003_AddMainCategory(RegressionTestCases.java:121)
at sun.reflect.NativeMethodAccessorImpl.invoke0(Native Method)
at sun.reflect.NativeMethodAccessorImpl.invoke(Unknown Source)
at sun.reflect.DelegatingMethodAccessorImpl.invoke(Unknown Source)
at java.lang.reflect.Method.invoke(Unknown Source)
at org.testng.internal.MethodInvocationHelper.invokeMethod(MethodInvocationHelper.java:135)
at org.testng.internal.TestInvoker.invokeMethod(TestInvoker.java:598)
at org.testng.internal.TestInvoker.invokeTestMethod(TestInvoker.java:174)
at org.testng.internal.MethodRunner.runInSequence(MethodRunner.java:46)
at org.testng.internal.TestInvoker$MethodInvocationAgent.invoke(TestInvoker.java:821)
at org.testng.internal.TestInvoker.invokeTestMethods(TestInvoker.java:147)
at org.testng.internal.TestMethodWorker.invokeTestMethods(TestMethodWorker.java:146)
at org.testng.internal.TestMethodWorker.run(TestMethodWorker.java:128)
at java.util.ArrayList.forEach(Unknown Source)
at org.testng.TestRunner.privateRun(TestRunner.java:767)
at org.testng.TestRunner.run(TestRunner.java:588)
at org.testng.SuiteRunner.runTest(SuiteRunner.java:384)
at org.testng.SuiteRunner.runSequentially(SuiteRunner.java:378)
at org.testng.SuiteRunner.privateRun(SuiteRunner.java:337)
at org.testng.SuiteRunner.run(SuiteRunner.java:286)
at org.testng.SuiteRunnerWorker.runSuite(SuiteRunnerWorker.java:53)
at org.testng.SuiteRunnerWorker.run(SuiteRunnerWorker.java:96)
at org.testng.TestNG.runSuitesSequentially(TestNG.java:1214)
at org.testng.TestNG.runSuitesLocally(TestNG.java:1136)
at org.testng.TestNG.runSuites(TestNG.java:1066)
at org.testng.TestNG.run(TestNG.java:1034)
at org.testng.remote.AbstractRemoteTestNG.run(AbstractRemoteTestNG.java:115)
at org.testng.remote.RemoteTestNG.initAndRun(RemoteTestNG.java:251)
at org.testng.remote.RemoteTestNG.main(RemoteTestNG.java:77)
]]>
    </error>
  </testcase> <!-- TC003_AddMainCategory -->
  <system-out/>
  <testcase name="TC019_deleteProduct" time="0.000" classname="com.dyt.ors.regression.RegressionTestCases">
    <skipped/>
  </testcase> <!-- TC019_deleteProduct -->
  <system-out/>
  <testcase name="TC017_EditProducts" time="0.000" classname="com.dyt.ors.regression.RegressionTestCases">
    <skipped/>
  </testcase> <!-- TC017_EditProducts -->
  <system-out/>
  <testcase name="TC007_DeleteMainCategory" time="0.000" classname="com.dyt.ors.regression.RegressionTestCases">
    <skipped/>
  </testcase> <!-- TC007_DeleteMainCategory -->
  <system-out/>
  <testcase name="TC018_EditProductExistingImage_Products" time="0.000" classname="com.dyt.ors.regression.RegressionTestCases">
    <skipped/>
  </testcase> <!-- TC018_EditProductExistingImage_Products -->
  <system-out/>
  <testcase name="TC006_EditMainCategory" time="0.000" classname="com.dyt.ors.regression.RegressionTestCases">
    <skipped/>
  </testcase> <!-- TC006_EditMainCategory -->
  <system-out/>
  <testcase name="TC026_searchWithCasNo" time="0.000" classname="com.dyt.ors.regression.RegressionTestCases">
    <skipped/>
  </testcase> <!-- TC026_searchWithCasNo -->
  <system-out/>
  <testcase name="TC010_AddSubCategory_Duplicaterecord" time="0.000" classname="com.dyt.ors.regression.RegressionTestCases">
    <skipped/>
  </testcase> <!-- TC010_AddSubCategory_Duplicaterecord -->
  <system-out/>
  <testcase name="TC030_Search_RelatedDocuments_InValidLotNo" time="0.000" classname="com.dyt.ors.regression.RegressionTestCases">
    <skipped/>
  </testcase> <!-- TC030_Search_RelatedDocuments_InValidLotNo -->
  <system-out/>
  <testcase name="TC030_searchWithInvalidLotNo" time="0.000" classname="com.dyt.ors.regression.RegressionTestCases">
    <skipped/>
  </testcase> <!-- TC030_searchWithInvalidLotNo -->
  <system-out/>
  <testcase name="TC023_searchWithProductName" time="0.000" classname="com.dyt.ors.regression.RegressionTestCases">
    <skipped/>
  </testcase> <!-- TC023_searchWithProductName -->
  <system-out/>
  <testcase name="TC028_Search_RelatedCategories" time="0.000" classname="com.dyt.ors.regression.RegressionTestCases">
    <skipped/>
  </testcase> <!-- TC028_Search_RelatedCategories -->
  <system-out/>
  <testcase name="TC011_EditSubCategory" time="0.000" classname="com.dyt.ors.regression.RegressionTestCases">
    <skipped/>
  </testcase> <!-- TC011_EditSubCategory -->
  <system-out/>
  <testcase name="TC012_DeleteSubCategory" time="0.000" classname="com.dyt.ors.regression.RegressionTestCases">
    <skipped/>
  </testcase> <!-- TC012_DeleteSubCategory -->
  <system-out/>
  <testcase name="TC008_AddSubCategory" time="0.000" classname="com.dyt.ors.regression.RegressionTestCases">
    <skipped/>
  </testcase> <!-- TC008_AddSubCategory -->
  <system-out/>
  <testcase name="TC020_homePage" time="0.000" classname="com.dyt.ors.regression.RegressionTestCases">
    <skipped/>
  </testcase> <!-- TC020_homePage -->
  <system-out/>
  <testcase name="TC024_searchWithSynonym" time="0.000" classname="com.dyt.ors.regression.RegressionTestCases">
    <skipped/>
  </testcase> <!-- TC024_searchWithSynonym -->
  <system-out/>
  <testcase name="TC009_AddSubCategory_WithoutMandatoryfields" time="0.000" classname="com.dyt.ors.regression.RegressionTestCases">
    <skipped/>
  </testcase> <!-- TC009_AddSubCategory_WithoutMandatoryfields -->
  <system-out/>
  <testcase name="TC025_searchWithCatNo" time="0.000" classname="com.dyt.ors.regression.RegressionTestCases">
    <skipped/>
  </testcase> <!-- TC025_searchWithCatNo -->
  <system-out/>
</testsuite> <!-- com.dyt.ors.regression.RegressionTestCases -->
