<?xml version="1.0" encoding="UTF-8"?>
<!-- Generated by org.testng.reporters.JUnitXMLReporter -->
<testsuite hostname="LAPTOP-P3US9P8F" ignored="0" name="Default test" tests="30" failures="1" timestamp="2020-07-28T13:23:30 IST" time="383.286" errors="0">
  <testcase name="@AfterMethod closeBrowser" time="4.101" classname="com.dyt.generic.BaseClass">
    <failure type="org.openqa.selenium.WebDriverException" message="chrome not reachable
  (Session info: chrome=84.0.4147.89)
Build info: version: &amp;apos;3.141.59&amp;apos;, revision: &amp;apos;e82be7d358&amp;apos;, time: &amp;apos;2018-11-14T08:17:03&amp;apos;
System info: host: &amp;apos;LAPTOP-P3US9P8F&amp;apos;, ip: &amp;apos;192.168.0.9&amp;apos;, os.name: &amp;apos;Windows 10&amp;apos;, os.arch: &amp;apos;amd64&amp;apos;, os.version: &amp;apos;10.0&amp;apos;, java.version: &amp;apos;1.8.0_241&amp;apos;
Driver info: org.openqa.selenium.chrome.ChromeDriver
Capabilities {acceptInsecureCerts: false, browserName: chrome, browserVersion: 84.0.4147.89, chrome: {chromedriverVersion: 83.0.4103.39 (ccbf011cb2d2b..., userDataDir: C:\Users\SINGAM~1\AppData\L...}, goog:chromeOptions: {debuggerAddress: localhost:55993}, javascriptEnabled: true, networkConnectionEnabled: false, pageLoadStrategy: normal, platform: WINDOWS, platformName: WINDOWS, proxy: Proxy(), setWindowRect: true, strictFileInteractability: false, timeouts: {implicit: 0, pageLoad: 300000, script: 30000}, unhandledPromptBehavior: dismiss and notify, webauthn:virtualAuthenticators: true}
Session ID: f5c825a474bc287c1bb52ab77a038cd0">
      <![CDATA[org.openqa.selenium.WebDriverException: chrome not reachable
  (Session info: chrome=84.0.4147.89)
Build info: version: '3.141.59', revision: 'e82be7d358', time: '2018-11-14T08:17:03'
System info: host: 'LAPTOP-P3US9P8F', ip: '192.168.0.9', os.name: 'Windows 10', os.arch: 'amd64', os.version: '10.0', java.version: '1.8.0_241'
Driver info: org.openqa.selenium.chrome.ChromeDriver
Capabilities {acceptInsecureCerts: false, browserName: chrome, browserVersion: 84.0.4147.89, chrome: {chromedriverVersion: 83.0.4103.39 (ccbf011cb2d2b..., userDataDir: C:\Users\SINGAM~1\AppData\L...}, goog:chromeOptions: {debuggerAddress: localhost:55993}, javascriptEnabled: true, networkConnectionEnabled: false, pageLoadStrategy: normal, platform: WINDOWS, platformName: WINDOWS, proxy: Proxy(), setWindowRect: true, strictFileInteractability: false, timeouts: {implicit: 0, pageLoad: 300000, script: 30000}, unhandledPromptBehavior: dismiss and notify, webauthn:virtualAuthenticators: true}
Session ID: f5c825a474bc287c1bb52ab77a038cd0
at sun.reflect.NativeConstructorAccessorImpl.newInstance0(Native Method)
at sun.reflect.NativeConstructorAccessorImpl.newInstance(Unknown Source)
at sun.reflect.DelegatingConstructorAccessorImpl.newInstance(Unknown Source)
at java.lang.reflect.Constructor.newInstance(Unknown Source)
at org.openqa.selenium.remote.http.W3CHttpResponseCodec.createException(W3CHttpResponseCodec.java:187)
at org.openqa.selenium.remote.http.W3CHttpResponseCodec.decode(W3CHttpResponseCodec.java:122)
at org.openqa.selenium.remote.http.W3CHttpResponseCodec.decode(W3CHttpResponseCodec.java:49)
at org.openqa.selenium.remote.HttpCommandExecutor.execute(HttpCommandExecutor.java:158)
at org.openqa.selenium.remote.service.DriverCommandExecutor.execute(DriverCommandExecutor.java:83)
at org.openqa.selenium.remote.RemoteWebDriver.execute(RemoteWebDriver.java:552)
at org.openqa.selenium.remote.RemoteWebDriver.execute(RemoteWebDriver.java:609)
at org.openqa.selenium.remote.RemoteWebDriver.close(RemoteWebDriver.java:442)
at com.dyt.generic.BaseClass.closeBrowser(BaseClass.java:74)
at sun.reflect.NativeMethodAccessorImpl.invoke0(Native Method)
at sun.reflect.NativeMethodAccessorImpl.invoke(Unknown Source)
at sun.reflect.DelegatingMethodAccessorImpl.invoke(Unknown Source)
at java.lang.reflect.Method.invoke(Unknown Source)
at org.testng.internal.MethodInvocationHelper.invokeMethod(MethodInvocationHelper.java:135)
at org.testng.internal.MethodInvocationHelper.invokeMethodConsideringTimeout(MethodInvocationHelper.java:64)
at org.testng.internal.ConfigInvoker.invokeConfigurationMethod(ConfigInvoker.java:364)
at org.testng.internal.ConfigInvoker.invokeConfigurations(ConfigInvoker.java:318)
at org.testng.internal.TestInvoker.runConfigMethods(TestInvoker.java:700)
at org.testng.internal.TestInvoker.runAfterGroupsConfigurations(TestInvoker.java:676)
at org.testng.internal.TestInvoker.invokeMethod(TestInvoker.java:660)
at org.testng.internal.TestInvoker.invokeTestMethod(TestInvoker.java:174)
at org.testng.internal.MethodRunner.runInSequence(MethodRunner.java:46)
at org.testng.internal.TestInvoker$MethodInvocationAgent.invoke(TestInvoker.java:821)
at org.testng.internal.TestInvoker.invokeTestMethods(TestInvoker.java:147)
at org.testng.internal.TestMethodWorker.invokeTestMethods(TestMethodWorker.java:146)
at org.testng.internal.TestMethodWorker.run(TestMethodWorker.java:128)
at java.util.ArrayList.forEach(Unknown Source)
at org.testng.TestRunner.privateRun(TestRunner.java:767)
at org.testng.TestRunner.run(TestRunner.java:588)
at org.testng.SuiteRunner.runTest(SuiteRunner.java:384)
at org.testng.SuiteRunner.runSequentially(SuiteRunner.java:378)
at org.testng.SuiteRunner.privateRun(SuiteRunner.java:337)
at org.testng.SuiteRunner.run(SuiteRunner.java:286)
at org.testng.SuiteRunnerWorker.runSuite(SuiteRunnerWorker.java:53)
at org.testng.SuiteRunnerWorker.run(SuiteRunnerWorker.java:96)
at org.testng.TestNG.runSuitesSequentially(TestNG.java:1214)
at org.testng.TestNG.runSuitesLocally(TestNG.java:1136)
at org.testng.TestNG.runSuites(TestNG.java:1066)
at org.testng.TestNG.run(TestNG.java:1034)
at org.testng.remote.AbstractRemoteTestNG.run(AbstractRemoteTestNG.java:115)
at org.testng.remote.RemoteTestNG.initAndRun(RemoteTestNG.java:251)
at org.testng.remote.RemoteTestNG.main(RemoteTestNG.java:77)
]]>
    </failure>
  </testcase> <!-- @AfterMethod closeBrowser -->
  <testcase name="@BeforeMethod launchBrowser" time="-1.595922809857E9" classname="com.dyt.generic.BaseClass">
    <skipped/>
  </testcase> <!-- @BeforeMethod launchBrowser -->
  <testcase name="@AfterMethod closeBrowser" time="-1.595922809862E9" classname="com.dyt.generic.BaseClass">
    <skipped/>
  </testcase> <!-- @AfterMethod closeBrowser -->
  <testcase name="@BeforeMethod launchBrowser" time="-1.595922809864E9" classname="com.dyt.generic.BaseClass">
    <skipped/>
  </testcase> <!-- @BeforeMethod launchBrowser -->
  <testcase name="@AfterMethod closeBrowser" time="-1.595922809869E9" classname="com.dyt.generic.BaseClass">
    <skipped/>
  </testcase> <!-- @AfterMethod closeBrowser -->
  <testcase name="@BeforeMethod launchBrowser" time="-1.595922809875E9" classname="com.dyt.generic.BaseClass">
    <skipped/>
  </testcase> <!-- @BeforeMethod launchBrowser -->
  <testcase name="@AfterMethod closeBrowser" time="-1.595922809886E9" classname="com.dyt.generic.BaseClass">
    <skipped/>
  </testcase> <!-- @AfterMethod closeBrowser -->
  <testcase name="@BeforeMethod launchBrowser" time="-1.595922809889E9" classname="com.dyt.generic.BaseClass">
    <skipped/>
  </testcase> <!-- @BeforeMethod launchBrowser -->
  <testcase name="@AfterMethod closeBrowser" time="-1.595922809896E9" classname="com.dyt.generic.BaseClass">
    <skipped/>
  </testcase> <!-- @AfterMethod closeBrowser -->
  <testcase name="@BeforeMethod launchBrowser" time="-1.595922809898E9" classname="com.dyt.generic.BaseClass">
    <skipped/>
  </testcase> <!-- @BeforeMethod launchBrowser -->
  <testcase name="@AfterMethod closeBrowser" time="-1.595922809924E9" classname="com.dyt.generic.BaseClass">
    <skipped/>
  </testcase> <!-- @AfterMethod closeBrowser -->
  <testcase name="@BeforeMethod launchBrowser" time="-1.59592280993E9" classname="com.dyt.generic.BaseClass">
    <skipped/>
  </testcase> <!-- @BeforeMethod launchBrowser -->
  <testcase name="@AfterMethod closeBrowser" time="-1.595922809955E9" classname="com.dyt.generic.BaseClass">
    <skipped/>
  </testcase> <!-- @AfterMethod closeBrowser -->
  <testcase name="@BeforeMethod launchBrowser" time="-1.595922809959E9" classname="com.dyt.generic.BaseClass">
    <skipped/>
  </testcase> <!-- @BeforeMethod launchBrowser -->
  <testcase name="@AfterMethod closeBrowser" time="-1.59592280997E9" classname="com.dyt.generic.BaseClass">
    <skipped/>
  </testcase> <!-- @AfterMethod closeBrowser -->
  <testcase name="@BeforeMethod launchBrowser" time="-1.595922809978E9" classname="com.dyt.generic.BaseClass">
    <skipped/>
  </testcase> <!-- @BeforeMethod launchBrowser -->
  <testcase name="@AfterMethod closeBrowser" time="-1.595922809982E9" classname="com.dyt.generic.BaseClass">
    <skipped/>
  </testcase> <!-- @AfterMethod closeBrowser -->
  <testcase name="@BeforeMethod launchBrowser" time="-1.595922809984E9" classname="com.dyt.generic.BaseClass">
    <skipped/>
  </testcase> <!-- @BeforeMethod launchBrowser -->
  <testcase name="@AfterMethod closeBrowser" time="-1.595922809988E9" classname="com.dyt.generic.BaseClass">
    <skipped/>
  </testcase> <!-- @AfterMethod closeBrowser -->
  <testcase name="@BeforeMethod launchBrowser" time="-1.595922809989E9" classname="com.dyt.generic.BaseClass">
    <skipped/>
  </testcase> <!-- @BeforeMethod launchBrowser -->
  <testcase name="@AfterMethod closeBrowser" time="-1.595922809993E9" classname="com.dyt.generic.BaseClass">
    <skipped/>
  </testcase> <!-- @AfterMethod closeBrowser -->
  <testcase name="@BeforeMethod launchBrowser" time="-1.595922809994E9" classname="com.dyt.generic.BaseClass">
    <skipped/>
  </testcase> <!-- @BeforeMethod launchBrowser -->
  <testcase name="@AfterMethod closeBrowser" time="-1.595922810002E9" classname="com.dyt.generic.BaseClass">
    <skipped/>
  </testcase> <!-- @AfterMethod closeBrowser -->
  <testcase name="@BeforeMethod launchBrowser" time="-1.595922810004E9" classname="com.dyt.generic.BaseClass">
    <skipped/>
  </testcase> <!-- @BeforeMethod launchBrowser -->
  <testcase name="@AfterMethod closeBrowser" time="-1.595922810018E9" classname="com.dyt.generic.BaseClass">
    <skipped/>
  </testcase> <!-- @AfterMethod closeBrowser -->
  <testcase name="@BeforeMethod launchBrowser" time="-1.595922810022E9" classname="com.dyt.generic.BaseClass">
    <skipped/>
  </testcase> <!-- @BeforeMethod launchBrowser -->
  <testcase name="@AfterMethod closeBrowser" time="-1.595922810026E9" classname="com.dyt.generic.BaseClass">
    <skipped/>
  </testcase> <!-- @AfterMethod closeBrowser -->
  <testcase name="@BeforeMethod launchBrowser" time="-1.595922810027E9" classname="com.dyt.generic.BaseClass">
    <skipped/>
  </testcase> <!-- @BeforeMethod launchBrowser -->
  <testcase name="@AfterMethod closeBrowser" time="-1.595922810038E9" classname="com.dyt.generic.BaseClass">
    <skipped/>
  </testcase> <!-- @AfterMethod closeBrowser -->
  <testcase name="@BeforeMethod launchBrowser" time="-1.59592281004E9" classname="com.dyt.generic.BaseClass">
    <skipped/>
  </testcase> <!-- @BeforeMethod launchBrowser -->
  <testcase name="@AfterMethod closeBrowser" time="-1.595922810047E9" classname="com.dyt.generic.BaseClass">
    <skipped/>
  </testcase> <!-- @AfterMethod closeBrowser -->
  <testcase name="@BeforeMethod launchBrowser" time="-1.595922810051E9" classname="com.dyt.generic.BaseClass">
    <skipped/>
  </testcase> <!-- @BeforeMethod launchBrowser -->
  <testcase name="@AfterMethod closeBrowser" time="-1.595922810061E9" classname="com.dyt.generic.BaseClass">
    <skipped/>
  </testcase> <!-- @AfterMethod closeBrowser -->
  <testcase name="@BeforeMethod launchBrowser" time="-1.595922810062E9" classname="com.dyt.generic.BaseClass">
    <skipped/>
  </testcase> <!-- @BeforeMethod launchBrowser -->
  <testcase name="@AfterMethod closeBrowser" time="-1.595922810067E9" classname="com.dyt.generic.BaseClass">
    <skipped/>
  </testcase> <!-- @AfterMethod closeBrowser -->
  <testcase name="@BeforeMethod launchBrowser" time="-1.595922810068E9" classname="com.dyt.generic.BaseClass">
    <skipped/>
  </testcase> <!-- @BeforeMethod launchBrowser -->
  <testcase name="@AfterMethod closeBrowser" time="-1.59592281008E9" classname="com.dyt.generic.BaseClass">
    <skipped/>
  </testcase> <!-- @AfterMethod closeBrowser -->
  <testcase name="@BeforeMethod launchBrowser" time="-1.595922810085E9" classname="com.dyt.generic.BaseClass">
    <skipped/>
  </testcase> <!-- @BeforeMethod launchBrowser -->
  <testcase name="@AfterMethod closeBrowser" time="-1.59592281009E9" classname="com.dyt.generic.BaseClass">
    <skipped/>
  </testcase> <!-- @AfterMethod closeBrowser -->
  <testcase name="@BeforeMethod launchBrowser" time="-1.595922810093E9" classname="com.dyt.generic.BaseClass">
    <skipped/>
  </testcase> <!-- @BeforeMethod launchBrowser -->
  <testcase name="@AfterMethod closeBrowser" time="-1.595922810105E9" classname="com.dyt.generic.BaseClass">
    <skipped/>
  </testcase> <!-- @AfterMethod closeBrowser -->
  <testcase name="@BeforeMethod launchBrowser" time="-1.595922810107E9" classname="com.dyt.generic.BaseClass">
    <skipped/>
  </testcase> <!-- @BeforeMethod launchBrowser -->
  <testcase name="@AfterMethod closeBrowser" time="-1.59592281011E9" classname="com.dyt.generic.BaseClass">
    <skipped/>
  </testcase> <!-- @AfterMethod closeBrowser -->
  <testcase name="@BeforeMethod launchBrowser" time="-1.595922810112E9" classname="com.dyt.generic.BaseClass">
    <skipped/>
  </testcase> <!-- @BeforeMethod launchBrowser -->
  <testcase name="@AfterMethod closeBrowser" time="-1.595922810116E9" classname="com.dyt.generic.BaseClass">
    <skipped/>
  </testcase> <!-- @AfterMethod closeBrowser -->
  <testcase name="@BeforeMethod launchBrowser" time="-1.595922810117E9" classname="com.dyt.generic.BaseClass">
    <skipped/>
  </testcase> <!-- @BeforeMethod launchBrowser -->
  <testcase name="@AfterMethod closeBrowser" time="-1.59592281012E9" classname="com.dyt.generic.BaseClass">
    <skipped/>
  </testcase> <!-- @AfterMethod closeBrowser -->
  <testcase name="@BeforeMethod launchBrowser" time="-1.595922810121E9" classname="com.dyt.generic.BaseClass">
    <skipped/>
  </testcase> <!-- @BeforeMethod launchBrowser -->
  <testcase name="@AfterMethod closeBrowser" time="-1.595922810161E9" classname="com.dyt.generic.BaseClass">
    <skipped/>
  </testcase> <!-- @AfterMethod closeBrowser -->
  <testcase name="@BeforeMethod launchBrowser" time="-1.595922810166E9" classname="com.dyt.generic.BaseClass">
    <skipped/>
  </testcase> <!-- @BeforeMethod launchBrowser -->
  <testcase name="@AfterMethod closeBrowser" time="-1.595922810175E9" classname="com.dyt.generic.BaseClass">
    <skipped/>
  </testcase> <!-- @AfterMethod closeBrowser -->
  <testcase name="@BeforeMethod launchBrowser" time="-1.59592281018E9" classname="com.dyt.generic.BaseClass">
    <skipped/>
  </testcase> <!-- @BeforeMethod launchBrowser -->
  <testcase name="@AfterMethod closeBrowser" time="-1.59592281019E9" classname="com.dyt.generic.BaseClass">
    <skipped/>
  </testcase> <!-- @AfterMethod closeBrowser -->
  <testcase name="@BeforeMethod launchBrowser" time="-1.595922810195E9" classname="com.dyt.generic.BaseClass">
    <skipped/>
  </testcase> <!-- @BeforeMethod launchBrowser -->
  <testcase name="@AfterMethod closeBrowser" time="-1.595922810208E9" classname="com.dyt.generic.BaseClass">
    <skipped/>
  </testcase> <!-- @AfterMethod closeBrowser -->
  <testcase name="TC001_adminLoginWithValidData" time="37.006" classname="com.dyt.ors.regression.RegressionTestCases"/>
  <testcase name="TC002_adminLoginWithInValidData" time="35.129" classname="com.dyt.ors.regression.RegressionTestCases"/>
  <testcase name="TC003_AddMainCategory" time="169.103" classname="com.dyt.ors.regression.RegressionTestCases">
    <failure type="org.openqa.selenium.NoSuchWindowException" message="no such window: target window already closed
from unknown error: web view not found
  (Session info: chrome=84.0.4147.89)
Build info: version: &amp;apos;3.141.59&amp;apos;, revision: &amp;apos;e82be7d358&amp;apos;, time: &amp;apos;2018-11-14T08:17:03&amp;apos;
System info: host: &amp;apos;LAPTOP-P3US9P8F&amp;apos;, ip: &amp;apos;192.168.0.9&amp;apos;, os.name: &amp;apos;Windows 10&amp;apos;, os.arch: &amp;apos;amd64&amp;apos;, os.version: &amp;apos;10.0&amp;apos;, java.version: &amp;apos;1.8.0_241&amp;apos;
Driver info: org.openqa.selenium.chrome.ChromeDriver
Capabilities {acceptInsecureCerts: false, browserName: chrome, browserVersion: 84.0.4147.89, chrome: {chromedriverVersion: 83.0.4103.39 (ccbf011cb2d2b..., userDataDir: C:\Users\SINGAM~1\AppData\L...}, goog:chromeOptions: {debuggerAddress: localhost:55993}, javascriptEnabled: true, networkConnectionEnabled: false, pageLoadStrategy: normal, platform: WINDOWS, platformName: WINDOWS, proxy: Proxy(), setWindowRect: true, strictFileInteractability: false, timeouts: {implicit: 0, pageLoad: 300000, script: 30000}, unhandledPromptBehavior: dismiss and notify, webauthn:virtualAuthenticators: true}
Session ID: f5c825a474bc287c1bb52ab77a038cd0
*** Element info: {Using=xpath, value=//table[@id=&amp;apos;dataTable&amp;apos;]/tbody/tr[1]/td}">
      <![CDATA[org.openqa.selenium.NoSuchWindowException: no such window: target window already closed
from unknown error: web view not found
  (Session info: chrome=84.0.4147.89)
Build info: version: '3.141.59', revision: 'e82be7d358', time: '2018-11-14T08:17:03'
System info: host: 'LAPTOP-P3US9P8F', ip: '192.168.0.9', os.name: 'Windows 10', os.arch: 'amd64', os.version: '10.0', java.version: '1.8.0_241'
Driver info: org.openqa.selenium.chrome.ChromeDriver
Capabilities {acceptInsecureCerts: false, browserName: chrome, browserVersion: 84.0.4147.89, chrome: {chromedriverVersion: 83.0.4103.39 (ccbf011cb2d2b..., userDataDir: C:\Users\SINGAM~1\AppData\L...}, goog:chromeOptions: {debuggerAddress: localhost:55993}, javascriptEnabled: true, networkConnectionEnabled: false, pageLoadStrategy: normal, platform: WINDOWS, platformName: WINDOWS, proxy: Proxy(), setWindowRect: true, strictFileInteractability: false, timeouts: {implicit: 0, pageLoad: 300000, script: 30000}, unhandledPromptBehavior: dismiss and notify, webauthn:virtualAuthenticators: true}
Session ID: f5c825a474bc287c1bb52ab77a038cd0
*** Element info: {Using=xpath, value=//table[@id='dataTable']/tbody/tr[1]/td}
at sun.reflect.NativeConstructorAccessorImpl.newInstance0(Native Method)
at sun.reflect.NativeConstructorAccessorImpl.newInstance(Unknown Source)
at sun.reflect.DelegatingConstructorAccessorImpl.newInstance(Unknown Source)
at java.lang.reflect.Constructor.newInstance(Unknown Source)
at org.openqa.selenium.remote.http.W3CHttpResponseCodec.createException(W3CHttpResponseCodec.java:187)
at org.openqa.selenium.remote.http.W3CHttpResponseCodec.decode(W3CHttpResponseCodec.java:122)
at org.openqa.selenium.remote.http.W3CHttpResponseCodec.decode(W3CHttpResponseCodec.java:49)
at org.openqa.selenium.remote.HttpCommandExecutor.execute(HttpCommandExecutor.java:158)
at org.openqa.selenium.remote.service.DriverCommandExecutor.execute(DriverCommandExecutor.java:83)
at org.openqa.selenium.remote.RemoteWebDriver.execute(RemoteWebDriver.java:552)
at org.openqa.selenium.remote.RemoteWebDriver.findElements(RemoteWebDriver.java:353)
at org.openqa.selenium.remote.RemoteWebDriver.findElementsByXPath(RemoteWebDriver.java:432)
at org.openqa.selenium.By$ByXPath.findElements(By.java:348)
at org.openqa.selenium.remote.RemoteWebDriver.findElements(RemoteWebDriver.java:311)
at com.dyt.ors.screenpages.DisplayMainCategories.verify_UpdatedMainCategory(DisplayMainCategories.java:188)
at com.dyt.ors.regression.RegressionTestCases.TC003_AddMainCategory(RegressionTestCases.java:121)
at sun.reflect.NativeMethodAccessorImpl.invoke0(Native Method)
at sun.reflect.NativeMethodAccessorImpl.invoke(Unknown Source)
at sun.reflect.DelegatingMethodAccessorImpl.invoke(Unknown Source)
at java.lang.reflect.Method.invoke(Unknown Source)
at org.testng.internal.MethodInvocationHelper.invokeMethod(MethodInvocationHelper.java:135)
at org.testng.internal.TestInvoker.invokeMethod(TestInvoker.java:598)
at org.testng.internal.TestInvoker.invokeTestMethod(TestInvoker.java:174)
at org.testng.internal.MethodRunner.runInSequence(MethodRunner.java:46)
at org.testng.internal.TestInvoker$MethodInvocationAgent.invoke(TestInvoker.java:821)
at org.testng.internal.TestInvoker.invokeTestMethods(TestInvoker.java:147)
at org.testng.internal.TestMethodWorker.invokeTestMethods(TestMethodWorker.java:146)
at org.testng.internal.TestMethodWorker.run(TestMethodWorker.java:128)
at java.util.ArrayList.forEach(Unknown Source)
at org.testng.TestRunner.privateRun(TestRunner.java:767)
at org.testng.TestRunner.run(TestRunner.java:588)
at org.testng.SuiteRunner.runTest(SuiteRunner.java:384)
at org.testng.SuiteRunner.runSequentially(SuiteRunner.java:378)
at org.testng.SuiteRunner.privateRun(SuiteRunner.java:337)
at org.testng.SuiteRunner.run(SuiteRunner.java:286)
at org.testng.SuiteRunnerWorker.runSuite(SuiteRunnerWorker.java:53)
at org.testng.SuiteRunnerWorker.run(SuiteRunnerWorker.java:96)
at org.testng.TestNG.runSuitesSequentially(TestNG.java:1214)
at org.testng.TestNG.runSuitesLocally(TestNG.java:1136)
at org.testng.TestNG.runSuites(TestNG.java:1066)
at org.testng.TestNG.run(TestNG.java:1034)
at org.testng.remote.AbstractRemoteTestNG.run(AbstractRemoteTestNG.java:115)
at org.testng.remote.RemoteTestNG.initAndRun(RemoteTestNG.java:251)
at org.testng.remote.RemoteTestNG.main(RemoteTestNG.java:77)
]]>
    </failure>
  </testcase> <!-- TC003_AddMainCategory -->
  <testcase name="TC004_AddMainCategory_Duplicaterecord" time="0.0" classname="com.dyt.ors.regression.RegressionTestCases">
    <skipped/>
  </testcase> <!-- TC004_AddMainCategory_Duplicaterecord -->
  <testcase name="TC005_AddMainCategory_WithoutMandatoryfields" time="0.0" classname="com.dyt.ors.regression.RegressionTestCases">
    <skipped/>
  </testcase> <!-- TC005_AddMainCategory_WithoutMandatoryfields -->
  <testcase name="TC006_EditMainCategory" time="0.0" classname="com.dyt.ors.regression.RegressionTestCases">
    <skipped/>
  </testcase> <!-- TC006_EditMainCategory -->
  <testcase name="TC007_DeleteMainCategory" time="0.0" classname="com.dyt.ors.regression.RegressionTestCases">
    <skipped/>
  </testcase> <!-- TC007_DeleteMainCategory -->
  <testcase name="TC008_AddSubCategory" time="0.0" classname="com.dyt.ors.regression.RegressionTestCases">
    <skipped/>
  </testcase> <!-- TC008_AddSubCategory -->
  <testcase name="TC009_AddSubCategory_WithoutMandatoryfields" time="0.0" classname="com.dyt.ors.regression.RegressionTestCases">
    <skipped/>
  </testcase> <!-- TC009_AddSubCategory_WithoutMandatoryfields -->
  <testcase name="TC010_AddSubCategory_Duplicaterecord" time="0.0" classname="com.dyt.ors.regression.RegressionTestCases">
    <skipped/>
  </testcase> <!-- TC010_AddSubCategory_Duplicaterecord -->
  <testcase name="TC011_EditSubCategory" time="0.0" classname="com.dyt.ors.regression.RegressionTestCases">
    <skipped/>
  </testcase> <!-- TC011_EditSubCategory -->
  <testcase name="TC012_DeleteSubCategory" time="0.0" classname="com.dyt.ors.regression.RegressionTestCases">
    <skipped/>
  </testcase> <!-- TC012_DeleteSubCategory -->
  <testcase name="TC013_AddProducts" time="0.0" classname="com.dyt.ors.regression.RegressionTestCases">
    <skipped/>
  </testcase> <!-- TC013_AddProducts -->
  <testcase name="TC014_addProductswithoutMaindatoryFields" time="0.0" classname="com.dyt.ors.regression.RegressionTestCases">
    <skipped/>
  </testcase> <!-- TC014_addProductswithoutMaindatoryFields -->
  <testcase name="TC017_EditProducts" time="0.0" classname="com.dyt.ors.regression.RegressionTestCases">
    <skipped/>
  </testcase> <!-- TC017_EditProducts -->
  <testcase name="TC018_EditProductExistingImage_Products" time="0.0" classname="com.dyt.ors.regression.RegressionTestCases">
    <skipped/>
  </testcase> <!-- TC018_EditProductExistingImage_Products -->
  <testcase name="TC019_deleteProduct" time="0.0" classname="com.dyt.ors.regression.RegressionTestCases">
    <skipped/>
  </testcase> <!-- TC019_deleteProduct -->
  <testcase name="TC020_homePage" time="0.0" classname="com.dyt.ors.regression.RegressionTestCases">
    <skipped/>
  </testcase> <!-- TC020_homePage -->
  <testcase name="TC021_searchWithoutInputTheData" time="0.0" classname="com.dyt.ors.regression.RegressionTestCases">
    <skipped/>
  </testcase> <!-- TC021_searchWithoutInputTheData -->
  <testcase name="TC022_searchWithInvalidData" time="0.0" classname="com.dyt.ors.regression.RegressionTestCases">
    <skipped/>
  </testcase> <!-- TC022_searchWithInvalidData -->
  <testcase name="TC023_searchWithProductName" time="0.0" classname="com.dyt.ors.regression.RegressionTestCases">
    <skipped/>
  </testcase> <!-- TC023_searchWithProductName -->
  <testcase name="TC024_searchWithSynonym" time="0.0" classname="com.dyt.ors.regression.RegressionTestCases">
    <skipped/>
  </testcase> <!-- TC024_searchWithSynonym -->
  <testcase name="TC025_searchWithCatNo" time="0.0" classname="com.dyt.ors.regression.RegressionTestCases">
    <skipped/>
  </testcase> <!-- TC025_searchWithCatNo -->
  <testcase name="TC026_searchWithCasNo" time="0.0" classname="com.dyt.ors.regression.RegressionTestCases">
    <skipped/>
  </testcase> <!-- TC026_searchWithCasNo -->
  <testcase name="TC027_searchRelatedProducts" time="0.0" classname="com.dyt.ors.regression.RegressionTestCases">
    <skipped/>
  </testcase> <!-- TC027_searchRelatedProducts -->
  <testcase name="TC028_Search_RelatedCategories" time="0.0" classname="com.dyt.ors.regression.RegressionTestCases">
    <skipped/>
  </testcase> <!-- TC028_Search_RelatedCategories -->
  <testcase name="TC028_searchRelatedCategories" time="0.0" classname="com.dyt.ors.regression.RegressionTestCases">
    <skipped/>
  </testcase> <!-- TC028_searchRelatedCategories -->
  <testcase name="TC029_searchRelatedDocuments" time="0.0" classname="com.dyt.ors.regression.RegressionTestCases">
    <skipped/>
  </testcase> <!-- TC029_searchRelatedDocuments -->
  <testcase name="TC030_Search_RelatedDocuments_InValidLotNo" time="0.0" classname="com.dyt.ors.regression.RegressionTestCases">
    <skipped/>
  </testcase> <!-- TC030_Search_RelatedDocuments_InValidLotNo -->
  <testcase name="TC030_searchWithInvalidLotNo" time="0.0" classname="com.dyt.ors.regression.RegressionTestCases">
    <skipped/>
  </testcase> <!-- TC030_searchWithInvalidLotNo -->
</testsuite> <!-- Default test -->
